<?xml version="1.0" encoding="UTF-8"?>
<robot generator="Robot 7.0.1 (Python 3.12.3 on win32)" generated="2024-07-22T10:47:18.374780" rpa="false" schemaversion="5">
<suite id="s1" name="NanonetsLoginTest" source="C:\Users\Admin\PycharmProjects\RobotFrameworkAutomation\TestCases\Web\NanonetsLoginTest.robot">
<test id="s1-t1" name="Verify user is able to login web and mobile" line="20">
<kw name="Given Open Nanonets Url" owner="NanonetsLoginKeyword">
<kw name="Open Browser" owner="SeleniumLibrary">
<msg time="2024-07-22T10:47:19.134794" level="INFO">Opening browser 'chrome' to base url 'https://app.nanonets.com/#/login'.</msg>
<arg>${url}</arg>
<arg>${browser}</arg>
<doc>Opens a new browser instance to the optional ``url``.</doc>
<status status="PASS" start="2024-07-22T10:47:19.134794" elapsed="5.064301"/>
</kw>
<kw name="Sleep" owner="BuiltIn">
<msg time="2024-07-22T10:47:27.202347" level="INFO">Slept 3 seconds.</msg>
<arg>3</arg>
<doc>Pauses the test executed for the given time.</doc>
<status status="PASS" start="2024-07-22T10:47:24.201099" elapsed="3.001248"/>
</kw>
<kw name="Maximize Browser Window" owner="SeleniumLibrary">
<doc>Maximizes current browser window.</doc>
<status status="PASS" start="2024-07-22T10:47:27.203868" elapsed="0.037911"/>
</kw>
<arg>${url}</arg>
<arg>${browser}</arg>
<status status="PASS" start="2024-07-22T10:47:19.133284" elapsed="8.109495"/>
</kw>
<kw name="When Enter User email" owner="NanonetsLoginKeyword">
<kw name="Input Text" owner="SeleniumLibrary">
<msg time="2024-07-22T10:47:27.249309" level="INFO">Typing text 'bharat.verma@vervali.com' into text field 'id:logInEmail'.</msg>
<arg>${emailIdTxtBox}</arg>
<arg>${useremail}</arg>
<doc>Types the given ``text`` into the text field identified by ``locator``.</doc>
<status status="PASS" start="2024-07-22T10:47:27.248312" elapsed="0.360898"/>
</kw>
<arg>${email}</arg>
<status status="PASS" start="2024-07-22T10:47:27.245296" elapsed="0.365915"/>
</kw>
<kw name="When Enter User password" owner="NanonetsLoginKeyword">
<kw name="Input Text" owner="SeleniumLibrary">
<msg time="2024-07-22T10:47:27.613211" level="INFO">Typing text '@password' into text field 'id:logInPassword'.</msg>
<arg>${passwordTxtBox}</arg>
<arg>${userPassword}</arg>
<doc>Types the given ``text`` into the text field identified by ``locator``.</doc>
<status status="PASS" start="2024-07-22T10:47:27.612209" elapsed="0.223123"/>
</kw>
<arg>${password}</arg>
<status status="PASS" start="2024-07-22T10:47:27.611211" elapsed="0.226382"/>
</kw>
<kw name="Then Click Login Button" owner="NanonetsLoginKeyword">
<kw name="Click Element" owner="SeleniumLibrary">
<msg time="2024-07-22T10:47:27.840588" level="INFO">Clicking element 'id:logInButton'.</msg>
<arg>${loginBtn}</arg>
<doc>Click the element identified by ``locator``.</doc>
<status status="PASS" start="2024-07-22T10:47:27.839591" elapsed="0.108220"/>
</kw>
<status status="PASS" start="2024-07-22T10:47:27.839591" elapsed="0.109218"/>
</kw>
<kw name="Then Verify home page is visible" owner="NanonetsLoginKeyword">
<kw name="Wait Until Element Is Visible" owner="SeleniumLibrary">
<arg>${logo}</arg>
<doc>Waits until the element ``locator`` is visible.</doc>
<status status="PASS" start="2024-07-22T10:47:27.951332" elapsed="4.117534"/>
</kw>
<kw name="Element Should Be Visible" owner="SeleniumLibrary">
<msg time="2024-07-22T10:47:32.093790" level="INFO">Element 'xpath://a//span[contains(text(),'Nanonets')]' is displayed.</msg>
<arg>${logo}</arg>
<doc>Verifies that the element identified by ``locator`` is visible.</doc>
<status status="PASS" start="2024-07-22T10:47:32.069866" elapsed="0.025433"/>
</kw>
<kw name="Close All Browsers" owner="SeleniumLibrary">
<doc>Closes all open browsers and resets the browser cache.</doc>
<status status="PASS" start="2024-07-22T10:47:32.097315" elapsed="6.958617"/>
</kw>
<status status="PASS" start="2024-07-22T10:47:27.950320" elapsed="11.106618"/>
</kw>
<kw name="Given Open Bizom Application" owner="BizomLoginKeywords">
<kw name="Open Application" owner="AppiumLibrary">
<arg>${REMOTE_URL}</arg>
<arg>platformName=${PLATFORM_NAME}</arg>
<arg>deviceName=${DEVICE_NAME}</arg>
<arg>appPackage=${APP_PACKAGE}</arg>
<arg>appActivity=${APP_ACTIVITY}</arg>
<arg>automationName=${AUTOMATION_NAME}</arg>
<doc>Opens a new application to given Appium server.
Capabilities of appium server, Android and iOS,
Please check https://appium.io/docs/en/2.1/cli/args/
| *Option*            | *Man.* | *Description*     |
| remote_url          | Yes    | Appium server url |
| alias               | no     | alias             |
| strict_ssl          | No     | allows you to send commands to an invalid certificate host like a self-signed one. |</doc>
<status status="PASS" start="2024-07-22T10:47:39.057939" elapsed="21.609244"/>
</kw>
<doc>Opens the Bizom Mobile application</doc>
<status status="PASS" start="2024-07-22T10:47:39.056938" elapsed="21.611263"/>
</kw>
<kw name="When User Click multiple times for env to appear and select staging environment" owner="BizomLoginKeywords">
<kw name="Sleep" owner="BuiltIn">
<msg time="2024-07-22T10:48:05.670347" level="INFO">Slept 5 seconds.</msg>
<arg>5</arg>
<doc>Pauses the test executed for the given time.</doc>
<status status="PASS" start="2024-07-22T10:48:00.669193" elapsed="5.001154"/>
</kw>
<kw name="Repeat Keyword" owner="BuiltIn">
<msg time="2024-07-22T10:48:05.671867" level="INFO">Repeating keyword, round 1/7.</msg>
<kw name="Click Element" owner="AppiumLibrary">
<msg time="2024-07-22T10:48:05.675870" level="INFO">Clicking element 'xpath=//android.widget.LinearLayout[@resource-id="in.bizom.android:id/email_login_form"]/android.widget.LinearLayout[3]'.</msg>
<msg time="2024-07-22T10:48:07.224828" level="INFO">xpath criteria: //android.widget.LinearLayout[@resource-id="in.bizom.android:id/email_login_form"]/android.widget.LinearLayout[3]</msg>
<arg>${clickForEnv}</arg>
<doc>Click element identified by `locator`.</doc>
<status status="PASS" start="2024-07-22T10:48:05.671867" elapsed="1.552961"/>
</kw>
<msg time="2024-07-22T10:48:07.225824" level="INFO">Repeating keyword, round 2/7.</msg>
<kw name="Click Element" owner="AppiumLibrary">
<msg time="2024-07-22T10:48:07.229344" level="INFO">Clicking element 'xpath=//android.widget.LinearLayout[@resource-id="in.bizom.android:id/email_login_form"]/android.widget.LinearLayout[3]'.</msg>
<msg time="2024-07-22T10:48:07.904651" level="INFO">xpath criteria: //android.widget.LinearLayout[@resource-id="in.bizom.android:id/email_login_form"]/android.widget.LinearLayout[3]</msg>
<arg>${clickForEnv}</arg>
<doc>Click element identified by `locator`.</doc>
<status status="PASS" start="2024-07-22T10:48:07.225824" elapsed="0.678827"/>
</kw>
<msg time="2024-07-22T10:48:07.906646" level="INFO">Repeating keyword, round 3/7.</msg>
<kw name="Click Element" owner="AppiumLibrary">
<msg time="2024-07-22T10:48:07.908767" level="INFO">Clicking element 'xpath=//android.widget.LinearLayout[@resource-id="in.bizom.android:id/email_login_form"]/android.widget.LinearLayout[3]'.</msg>
<msg time="2024-07-22T10:48:08.601900" level="INFO">xpath criteria: //android.widget.LinearLayout[@resource-id="in.bizom.android:id/email_login_form"]/android.widget.LinearLayout[3]</msg>
<arg>${clickForEnv}</arg>
<doc>Click element identified by `locator`.</doc>
<status status="PASS" start="2024-07-22T10:48:07.906646" elapsed="0.695254"/>
</kw>
<msg time="2024-07-22T10:48:08.604426" level="INFO">Repeating keyword, round 4/7.</msg>
<kw name="Click Element" owner="AppiumLibrary">
<msg time="2024-07-22T10:48:08.607423" level="INFO">Clicking element 'xpath=//android.widget.LinearLayout[@resource-id="in.bizom.android:id/email_login_form"]/android.widget.LinearLayout[3]'.</msg>
<msg time="2024-07-22T10:48:09.241365" level="INFO">xpath criteria: //android.widget.LinearLayout[@resource-id="in.bizom.android:id/email_login_form"]/android.widget.LinearLayout[3]</msg>
<arg>${clickForEnv}</arg>
<doc>Click element identified by `locator`.</doc>
<status status="PASS" start="2024-07-22T10:48:08.604426" elapsed="0.636939"/>
</kw>
<msg time="2024-07-22T10:48:09.243365" level="INFO">Repeating keyword, round 5/7.</msg>
<kw name="Click Element" owner="AppiumLibrary">
<msg time="2024-07-22T10:48:09.246361" level="INFO">Clicking element 'xpath=//android.widget.LinearLayout[@resource-id="in.bizom.android:id/email_login_form"]/android.widget.LinearLayout[3]'.</msg>
<msg time="2024-07-22T10:48:09.399992" level="INFO">xpath criteria: //android.widget.LinearLayout[@resource-id="in.bizom.android:id/email_login_form"]/android.widget.LinearLayout[3]</msg>
<arg>${clickForEnv}</arg>
<doc>Click element identified by `locator`.</doc>
<status status="PASS" start="2024-07-22T10:48:09.243365" elapsed="0.156627"/>
</kw>
<msg time="2024-07-22T10:48:09.401994" level="INFO">Repeating keyword, round 6/7.</msg>
<kw name="Click Element" owner="AppiumLibrary">
<msg time="2024-07-22T10:48:09.405516" level="INFO">Clicking element 'xpath=//android.widget.LinearLayout[@resource-id="in.bizom.android:id/email_login_form"]/android.widget.LinearLayout[3]'.</msg>
<msg time="2024-07-22T10:48:10.573009" level="INFO">xpath criteria: //android.widget.LinearLayout[@resource-id="in.bizom.android:id/email_login_form"]/android.widget.LinearLayout[3]</msg>
<arg>${clickForEnv}</arg>
<doc>Click element identified by `locator`.</doc>
<status status="PASS" start="2024-07-22T10:48:09.401994" elapsed="1.171015"/>
</kw>
<msg time="2024-07-22T10:48:10.575006" level="INFO">Repeating keyword, round 7/7.</msg>
<kw name="Click Element" owner="AppiumLibrary">
<msg time="2024-07-22T10:48:10.578527" level="INFO">Clicking element 'xpath=//android.widget.LinearLayout[@resource-id="in.bizom.android:id/email_login_form"]/android.widget.LinearLayout[3]'.</msg>
<msg time="2024-07-22T10:48:11.209597" level="INFO">xpath criteria: //android.widget.LinearLayout[@resource-id="in.bizom.android:id/email_login_form"]/android.widget.LinearLayout[3]</msg>
<arg>${clickForEnv}</arg>
<doc>Click element identified by `locator`.</doc>
<status status="PASS" start="2024-07-22T10:48:10.576002" elapsed="0.633595"/>
</kw>
<arg>7</arg>
<arg>AppiumLibrary.Click Element</arg>
<arg>${clickForEnv}</arg>
<doc>Executes the specified keyword multiple times.</doc>
<status status="PASS" start="2024-07-22T10:48:05.671867" elapsed="5.539727"/>
</kw>
<kw name="Click Element" owner="AppiumLibrary">
<msg time="2024-07-22T10:48:11.217597" level="INFO">Clicking element 'id=in.bizom.android:id/urlSelect'.</msg>
<msg time="2024-07-22T10:48:11.350623" level="INFO">criteria is in.bizom.android:id/urlSelect</msg>
<arg>${envDropdown}</arg>
<doc>Click element identified by `locator`.</doc>
<status status="PASS" start="2024-07-22T10:48:11.213597" elapsed="0.137026"/>
</kw>
<kw name="Wait Until Element Is Visible" owner="AppiumLibrary">
<msg time="2024-07-22T10:48:12.682854" level="INFO">xpath criteria: //android.widget.CheckedTextView[@resource-id="android:id/text1" and @text="Staging"]
xpath criteria: //android.widget.CheckedTextView[@resource-id="android:id/text1" and @text="Staging"]</msg>
<arg>${stagingEnvOption}</arg>
<arg>timeout=10s</arg>
<doc>Waits until element specified with `locator` is visible.</doc>
<status status="PASS" start="2024-07-22T10:48:11.352635" elapsed="1.330219"/>
</kw>
<kw name="Click Element" owner="AppiumLibrary">
<msg time="2024-07-22T10:48:12.685856" level="INFO">Clicking element 'xpath=//android.widget.CheckedTextView[@resource-id="android:id/text1" and @text="Staging"]'.</msg>
<msg time="2024-07-22T10:48:13.501197" level="INFO">xpath criteria: //android.widget.CheckedTextView[@resource-id="android:id/text1" and @text="Staging"]</msg>
<arg>${stagingEnvOption}</arg>
<doc>Click element identified by `locator`.</doc>
<status status="PASS" start="2024-07-22T10:48:12.683856" elapsed="0.817341"/>
</kw>
<status status="PASS" start="2024-07-22T10:48:00.669193" elapsed="12.833005"/>
</kw>
<kw name="When User enters username and password" owner="BizomLoginKeywords">
<kw name="Input Text" owner="AppiumLibrary">
<msg time="2024-07-22T10:48:13.507733" level="INFO">Typing text 'bharat.verma@vervali.com' into text field 'xpath=//android.widget.EditText[@resource-id="in.bizom.android:id/username"]'</msg>
<msg time="2024-07-22T10:48:14.106568" level="INFO">xpath criteria: //android.widget.EditText[@resource-id="in.bizom.android:id/username"]</msg>
<arg>${usernameTxtField}</arg>
<arg>${email}</arg>
<doc>Types the given `text` into text field identified by `locator`.</doc>
<status status="PASS" start="2024-07-22T10:48:13.504736" elapsed="0.601832"/>
</kw>
<kw name="Input Password" owner="AppiumLibrary">
<msg time="2024-07-22T10:48:14.113089" level="INFO">Typing password into text field 'xpath=//android.widget.EditText[@resource-id="in.bizom.android:id/password"]'</msg>
<msg time="2024-07-22T10:48:14.774623" level="INFO">xpath criteria: //android.widget.EditText[@resource-id="in.bizom.android:id/password"]</msg>
<arg>${passwordTxtField}</arg>
<arg>${pass}</arg>
<doc>Types the given password into text field identified by `locator`.</doc>
<status status="PASS" start="2024-07-22T10:48:14.109090" elapsed="0.666533"/>
</kw>
<status status="PASS" start="2024-07-22T10:48:13.503713" elapsed="1.275448"/>
</kw>
<kw name="Then Click on Login button" owner="BizomLoginKeywords">
<kw name="Click Element" owner="AppiumLibrary">
<msg time="2024-07-22T10:48:14.783173" level="INFO">Clicking element 'xpath=//android.widget.Button[@resource-id="in.bizom.android:id/sign_in_button"]'.</msg>
<msg time="2024-07-22T10:48:15.472940" level="INFO">xpath criteria: //android.widget.Button[@resource-id="in.bizom.android:id/sign_in_button"]</msg>
<arg>${loginBtn1}</arg>
<doc>Click element identified by `locator`.</doc>
<status status="PASS" start="2024-07-22T10:48:14.781175" elapsed="0.691765"/>
</kw>
<kw name="Sleep" owner="BuiltIn">
<msg time="2024-07-22T10:48:25.478317" level="INFO">Slept 10 seconds.</msg>
<arg>10</arg>
<doc>Pauses the test executed for the given time.</doc>
<status status="PASS" start="2024-07-22T10:48:15.476949" elapsed="10.001368"/>
</kw>
<status status="PASS" start="2024-07-22T10:48:14.780176" elapsed="10.698141"/>
</kw>
<tag>MUT1</tag>
<tag>UAT</tag>
<status status="PASS" start="2024-07-22T10:47:19.131282" elapsed="66.348274"/>
</test>
<status status="PASS" start="2024-07-22T10:47:18.511627" elapsed="66.974450"/>
</suite>
<statistics>
<total>
<stat pass="1" fail="0" skip="0">All Tests</stat>
</total>
<tag>
<stat pass="1" fail="0" skip="0">MUT1</stat>
<stat pass="1" fail="0" skip="0">UAT</stat>
</tag>
<suite>
<stat pass="1" fail="0" skip="0" id="s1" name="NanonetsLoginTest">NanonetsLoginTest</stat>
</suite>
</statistics>
<errors>
</errors>
</robot>
