<?xml version="1.0" encoding="UTF-8"?>
<robot generator="Robot 7.0 (Python 3.12.3 on win32)" generated="2024-07-19T14:07:26.835247" rpa="false" schemaversion="5">
<suite id="s1" name="NanonetsLoginTest" source="C:\Users\Admin\PycharmProjects\RobotFrameworkAutomation\TestCases\Web\NanonetsLoginTest.robot">
<test id="s1-t1" line="13">
<tag>MUT1</tag>
<tag>UAT</tag>
<status status="FAIL" start="2024-07-19T14:07:27.465344" elapsed="0.000639">Test name cannot be empty.</status>
</test>
<test id="s1-t2" name="Verify user is able to login web and mobile" line="20">
<kw name="Given Open Nanonets Url" owner="NanonetsLoginKeyword">
<kw name="Open Browser" owner="SeleniumLibrary">
<msg time="2024-07-19T14:07:27.469429" level="INFO">Opening browser 'chrome' to base url 'https://app.nanonets.com/#/login'.</msg>
<arg>${url}</arg>
<arg>${browser}</arg>
<doc>Opens a new browser instance to the optional ``url``.</doc>
<status status="PASS" start="2024-07-19T14:07:27.469429" elapsed="4.194937"/>
</kw>
<kw name="Sleep" owner="BuiltIn">
<msg time="2024-07-19T14:07:34.665535" level="INFO">Slept 3 seconds.</msg>
<arg>3</arg>
<doc>Pauses the test executed for the given time.</doc>
<status status="PASS" start="2024-07-19T14:07:31.665366" elapsed="3.000169"/>
</kw>
<kw name="Maximize Browser Window" owner="SeleniumLibrary">
<doc>Maximizes current browser window.</doc>
<status status="PASS" start="2024-07-19T14:07:34.666079" elapsed="0.046730"/>
</kw>
<arg>${url}</arg>
<arg>${browser}</arg>
<status status="PASS" start="2024-07-19T14:07:27.467850" elapsed="7.245959"/>
</kw>
<kw name="When Enter User email" owner="NanonetsLoginKeyword">
<kw name="Input Text" owner="SeleniumLibrary">
<msg time="2024-07-19T14:07:34.713809" level="INFO">Typing text 'bharat.verma@vervali.com' into text field 'id:logInEmail'.</msg>
<arg>${emailIdTxtBox}</arg>
<arg>${useremail}</arg>
<doc>Types the given ``text`` into the text field identified by ``locator``.</doc>
<status status="PASS" start="2024-07-19T14:07:34.713809" elapsed="0.261612"/>
</kw>
<arg>${email}</arg>
<status status="PASS" start="2024-07-19T14:07:34.713809" elapsed="0.262620"/>
</kw>
<kw name="When Enter User password" owner="NanonetsLoginKeyword">
<kw name="Input Text" owner="SeleniumLibrary">
<msg time="2024-07-19T14:07:34.977430" level="INFO">Typing text '@password' into text field 'id:logInPassword'.</msg>
<arg>${passwordTxtBox}</arg>
<arg>${userPassword}</arg>
<doc>Types the given ``text`` into the text field identified by ``locator``.</doc>
<status status="PASS" start="2024-07-19T14:07:34.977430" elapsed="0.244294"/>
</kw>
<arg>${password}</arg>
<status status="PASS" start="2024-07-19T14:07:34.976429" elapsed="0.245295"/>
</kw>
<kw name="Then Click Login Button" owner="NanonetsLoginKeyword">
<kw name="Click Element" owner="SeleniumLibrary">
<msg time="2024-07-19T14:07:35.223723" level="INFO">Clicking element 'id:logInButton'.</msg>
<arg>${loginBtn}</arg>
<doc>Click the element identified by ``locator``.</doc>
<status status="PASS" start="2024-07-19T14:07:35.222723" elapsed="0.102554"/>
</kw>
<status status="PASS" start="2024-07-19T14:07:35.221724" elapsed="0.104566"/>
</kw>
<kw name="Then Verify home page is visible" owner="NanonetsLoginKeyword">
<kw name="Wait Until Element Is Visible" owner="SeleniumLibrary">
<arg>${logo}</arg>
<doc>Waits until the element ``locator`` is visible.</doc>
<status status="PASS" start="2024-07-19T14:07:35.327287" elapsed="3.360610"/>
</kw>
<kw name="Element Should Be Visible" owner="SeleniumLibrary">
<msg time="2024-07-19T14:07:38.712465" level="INFO">Element 'xpath://a//span[contains(text(),'Nanonets')]' is displayed.</msg>
<arg>${logo}</arg>
<doc>Verifies that the element identified by ``locator`` is visible.</doc>
<status status="PASS" start="2024-07-19T14:07:38.687897" elapsed="0.024568"/>
</kw>
<kw name="Close All Browsers" owner="SeleniumLibrary">
<doc>Closes all open browsers and resets the browser cache.</doc>
<status status="PASS" start="2024-07-19T14:07:38.712465" elapsed="6.335192"/>
</kw>
<status status="PASS" start="2024-07-19T14:07:35.326290" elapsed="9.721367"/>
</kw>
<kw name="Given Open Bizom Application" owner="BizomLoginKeywords">
<kw name="Open Application" owner="AppiumLibrary">
<arg>${REMOTE_URL}</arg>
<arg>platformName=${PLATFORM_NAME}</arg>
<arg>deviceName=${DEVICE_NAME}</arg>
<arg>appPackage=${APP_PACKAGE}</arg>
<arg>appActivity=${APP_ACTIVITY}</arg>
<arg>automationName=${AUTOMATION_NAME}</arg>
<doc>Opens a new application to given Appium server.
Capabilities of appium server, Android and iOS,
Please check https://appium.io/docs/en/2.1/cli/args/
| *Option*            | *Man.* | *Description*     |
| remote_url          | Yes    | Appium server url |
| alias               | no     | alias             |
| strict_ssl          | No     | allows you to send commands to an invalid certificate host like a self-signed one. |</doc>
<status status="PASS" start="2024-07-19T14:07:45.048521" elapsed="11.601048"/>
</kw>
<doc>Opens the Bizom Mobile application</doc>
<status status="PASS" start="2024-07-19T14:07:45.048521" elapsed="11.601048"/>
</kw>
<kw name="When User Click multiple times for env to appear and select staging environment" owner="BizomLoginKeywords">
<kw name="Sleep" owner="BuiltIn">
<msg time="2024-07-19T14:08:01.652509" level="INFO">Slept 5 seconds.</msg>
<arg>5</arg>
<doc>Pauses the test executed for the given time.</doc>
<status status="PASS" start="2024-07-19T14:07:56.651076" elapsed="5.001433"/>
</kw>
<kw name="Repeat Keyword" owner="BuiltIn">
<msg time="2024-07-19T14:08:01.652509" level="INFO">Repeating keyword, round 1/7.</msg>
<kw name="Click Element" owner="AppiumLibrary">
<msg time="2024-07-19T14:08:01.654520" level="INFO">Clicking element 'xpath=//android.widget.LinearLayout[@resource-id="in.bizom.android:id/email_login_form"]/android.widget.LinearLayout[3]'.</msg>
<msg time="2024-07-19T14:08:02.597466" level="INFO">xpath criteria: //android.widget.LinearLayout[@resource-id="in.bizom.android:id/email_login_form"]/android.widget.LinearLayout[3]</msg>
<arg>${clickForEnv}</arg>
<doc>Click element identified by `locator`.</doc>
<status status="PASS" start="2024-07-19T14:08:01.653521" elapsed="0.944948"/>
</kw>
<msg time="2024-07-19T14:08:02.598469" level="INFO">Repeating keyword, round 2/7.</msg>
<kw name="Click Element" owner="AppiumLibrary">
<msg time="2024-07-19T14:08:02.599499" level="INFO">Clicking element 'xpath=//android.widget.LinearLayout[@resource-id="in.bizom.android:id/email_login_form"]/android.widget.LinearLayout[3]'.</msg>
<msg time="2024-07-19T14:08:03.194310" level="INFO">xpath criteria: //android.widget.LinearLayout[@resource-id="in.bizom.android:id/email_login_form"]/android.widget.LinearLayout[3]</msg>
<arg>${clickForEnv}</arg>
<doc>Click element identified by `locator`.</doc>
<status status="PASS" start="2024-07-19T14:08:02.598469" elapsed="0.595841"/>
</kw>
<msg time="2024-07-19T14:08:03.194310" level="INFO">Repeating keyword, round 3/7.</msg>
<kw name="Click Element" owner="AppiumLibrary">
<msg time="2024-07-19T14:08:03.196826" level="INFO">Clicking element 'xpath=//android.widget.LinearLayout[@resource-id="in.bizom.android:id/email_login_form"]/android.widget.LinearLayout[3]'.</msg>
<msg time="2024-07-19T14:08:03.777547" level="INFO">xpath criteria: //android.widget.LinearLayout[@resource-id="in.bizom.android:id/email_login_form"]/android.widget.LinearLayout[3]</msg>
<arg>${clickForEnv}</arg>
<doc>Click element identified by `locator`.</doc>
<status status="PASS" start="2024-07-19T14:08:03.194310" elapsed="0.583237"/>
</kw>
<msg time="2024-07-19T14:08:03.777547" level="INFO">Repeating keyword, round 4/7.</msg>
<kw name="Click Element" owner="AppiumLibrary">
<msg time="2024-07-19T14:08:03.780581" level="INFO">Clicking element 'xpath=//android.widget.LinearLayout[@resource-id="in.bizom.android:id/email_login_form"]/android.widget.LinearLayout[3]'.</msg>
<msg time="2024-07-19T14:08:04.382283" level="INFO">xpath criteria: //android.widget.LinearLayout[@resource-id="in.bizom.android:id/email_login_form"]/android.widget.LinearLayout[3]</msg>
<arg>${clickForEnv}</arg>
<doc>Click element identified by `locator`.</doc>
<status status="PASS" start="2024-07-19T14:08:03.778579" elapsed="0.604698"/>
</kw>
<msg time="2024-07-19T14:08:04.383277" level="INFO">Repeating keyword, round 5/7.</msg>
<kw name="Click Element" owner="AppiumLibrary">
<msg time="2024-07-19T14:08:04.386410" level="INFO">Clicking element 'xpath=//android.widget.LinearLayout[@resource-id="in.bizom.android:id/email_login_form"]/android.widget.LinearLayout[3]'.</msg>
<msg time="2024-07-19T14:08:05.565060" level="INFO">xpath criteria: //android.widget.LinearLayout[@resource-id="in.bizom.android:id/email_login_form"]/android.widget.LinearLayout[3]</msg>
<arg>${clickForEnv}</arg>
<doc>Click element identified by `locator`.</doc>
<status status="PASS" start="2024-07-19T14:08:04.383277" elapsed="1.181783"/>
</kw>
<msg time="2024-07-19T14:08:05.565060" level="INFO">Repeating keyword, round 6/7.</msg>
<kw name="Click Element" owner="AppiumLibrary">
<msg time="2024-07-19T14:08:05.567616" level="INFO">Clicking element 'xpath=//android.widget.LinearLayout[@resource-id="in.bizom.android:id/email_login_form"]/android.widget.LinearLayout[3]'.</msg>
<msg time="2024-07-19T14:08:06.175180" level="INFO">xpath criteria: //android.widget.LinearLayout[@resource-id="in.bizom.android:id/email_login_form"]/android.widget.LinearLayout[3]</msg>
<arg>${clickForEnv}</arg>
<doc>Click element identified by `locator`.</doc>
<status status="PASS" start="2024-07-19T14:08:05.566071" elapsed="0.609625"/>
</kw>
<msg time="2024-07-19T14:08:06.175696" level="INFO">Repeating keyword, round 7/7.</msg>
<kw name="Click Element" owner="AppiumLibrary">
<msg time="2024-07-19T14:08:06.177709" level="INFO">Clicking element 'xpath=//android.widget.LinearLayout[@resource-id="in.bizom.android:id/email_login_form"]/android.widget.LinearLayout[3]'.</msg>
<msg time="2024-07-19T14:08:06.813288" level="INFO">xpath criteria: //android.widget.LinearLayout[@resource-id="in.bizom.android:id/email_login_form"]/android.widget.LinearLayout[3]</msg>
<arg>${clickForEnv}</arg>
<doc>Click element identified by `locator`.</doc>
<status status="PASS" start="2024-07-19T14:08:06.175696" elapsed="0.637592"/>
</kw>
<arg>7</arg>
<arg>AppiumLibrary.Click Element</arg>
<arg>${clickForEnv}</arg>
<doc>Executes the specified keyword multiple times.</doc>
<status status="PASS" start="2024-07-19T14:08:01.652509" elapsed="5.160779"/>
</kw>
<kw name="Click Element" owner="AppiumLibrary">
<msg time="2024-07-19T14:08:06.816402" level="INFO">Clicking element 'id=in.bizom.android:id/urlSelect'.</msg>
<msg time="2024-07-19T14:08:06.912244" level="INFO">criteria is in.bizom.android:id/urlSelect</msg>
<arg>${envDropdown}</arg>
<doc>Click element identified by `locator`.</doc>
<status status="PASS" start="2024-07-19T14:08:06.814283" elapsed="0.097961"/>
</kw>
<kw name="Wait Until Element Is Visible">
<msg time="2024-07-19T14:08:06.913236" level="FAIL">Multiple keywords with name 'Wait Until Element Is Visible' found. Give the full name of the keyword you want to use:
    AppiumLibrary.Wait Until Element Is Visible
    SeleniumLibrary.Wait Until Element Is Visible</msg>
<arg>${stagingEnvOption}</arg>
<arg>timeout=10s</arg>
<status status="FAIL" start="2024-07-19T14:08:06.913236" elapsed="0.000000">Multiple keywords with name 'Wait Until Element Is Visible' found. Give the full name of the keyword you want to use:
    AppiumLibrary.Wait Until Element Is Visible
    SeleniumLibrary.Wait Until Element Is Visible</status>
</kw>
<kw name="Click Element" owner="AppiumLibrary">
<arg>${stagingEnvOption}</arg>
<doc>Click element identified by `locator`.</doc>
<status status="NOT RUN" start="2024-07-19T14:08:06.914241" elapsed="0.000000"/>
</kw>
<status status="FAIL" start="2024-07-19T14:07:56.651076" elapsed="10.263165">Multiple keywords with name 'Wait Until Element Is Visible' found. Give the full name of the keyword you want to use:
    AppiumLibrary.Wait Until Element Is Visible
    SeleniumLibrary.Wait Until Element Is Visible</status>
</kw>
<kw name="When User enters username and password" owner="BizomLoginKeywords">
<status status="NOT RUN" start="2024-07-19T14:08:06.915242" elapsed="0.000000"/>
</kw>
<kw name="Then Click on Login button" owner="BizomLoginKeywords">
<status status="NOT RUN" start="2024-07-19T14:08:06.915242" elapsed="0.000000"/>
</kw>
<tag>MUT1</tag>
<tag>UAT</tag>
<status status="FAIL" start="2024-07-19T14:07:27.467850" elapsed="39.448548">Multiple keywords with name 'Wait Until Element Is Visible' found. Give the full name of the keyword you want to use:
    AppiumLibrary.Wait Until Element Is Visible
    SeleniumLibrary.Wait Until Element Is Visible</status>
</test>
<status status="FAIL" start="2024-07-19T14:07:26.872994" elapsed="40.044911"/>
</suite>
<statistics>
<total>
<stat pass="0" fail="2" skip="0">All Tests</stat>
</total>
<tag>
<stat pass="0" fail="2" skip="0">MUT1</stat>
<stat pass="0" fail="2" skip="0">UAT</stat>
</tag>
<suite>
<stat pass="0" fail="2" skip="0" id="s1" name="NanonetsLoginTest">NanonetsLoginTest</stat>
</suite>
</statistics>
<errors>
</errors>
</robot>
